#
# There is insufficient memory for the Java Runtime Environment to continue.
# Native memory allocation (mmap) failed to map 134217728 bytes for G1 virtual space
# Possible reasons:
#   The system is out of physical RAM or swap space
#   The process is running with CompressedOops enabled, and the Java Heap may be blocking the growth of the native heap
# Possible solutions:
#   Reduce memory load on the system
#   Increase physical memory or swap space
#   Check if swap backing store is full
#   Decrease Java heap size (-Xmx/-Xms)
#   Decrease number of Java threads
#   Decrease Java thread stack sizes (-Xss)
#   Set larger code cache with -XX:ReservedCodeCacheSize=
#   JVM is running with Unscaled Compressed Oops mode in which the Java heap is
#     placed in the first 4GB address space. The Java Heap base address is the
#     maximum limit for the native heap growth. Please use -XX:HeapBaseMinAddress
#     to set the Java Heap base and to place the Java Heap above 4GB virtual address.
# This output file may be truncated or incomplete.
#
#  Out of Memory Error (os_windows.cpp:3532), pid=25840, tid=2332
#
# JRE version:  (17.0.2+8) (build )
# Java VM: OpenJDK 64-Bit Server VM (17.0.2+8, mixed mode, sharing, tiered, compressed oops, compressed class ptrs, g1 gc, windows-amd64)
# No core dump will be written. Minidumps are not enabled by default on client versions of Windows
#

---------------  S U M M A R Y ------------

Command Line: -Dfile.encoding=Cp1252 --module-path=C:\Users\ASUS\eclipse-workspace\TP\bin;C:\Program Files (x86)\MySQL\Connector J 8.0\mysql-connector-java-8.0.30.jar -XX:+ShowCodeDetailsInExceptionMessages -Djdk.module.main=TP TP/tp.app.App

Host: Intel(R) Core(TM) i5-7200U CPU @ 2.50GHz, 4 cores, 7G,  Windows 10 , 64 bit Build 19041 (10.0.19041.1806)
Time: Wed Aug  3 22:43:20 2022 Hora estándar de Argentina elapsed time: 0.018591 seconds (0d 0h 0m 0s)

---------------  T H R E A D  ---------------

Current thread (0x0000023096c1abc0):  JavaThread "Unknown thread" [_thread_in_vm, id=2332, stack(0x000000d966b00000,0x000000d966c00000)]

Stack: [0x000000d966b00000,0x000000d966c00000]
Native frames: (J=compiled Java code, j=interpreted, Vv=VM code, C=native code)
V  [jvm.dll+0x67564a]
V  [jvm.dll+0x82fc04]
V  [jvm.dll+0x8313ae]
V  [jvm.dll+0x831a13]
V  [jvm.dll+0x245235]
V  [jvm.dll+0x672539]
V  [jvm.dll+0x666e82]
V  [jvm.dll+0x30401b]
V  [jvm.dll+0x30b566]
V  [jvm.dll+0x35b1fe]
V  [jvm.dll+0x35b42f]
V  [jvm.dll+0x2daf58]
V  [jvm.dll+0x2dbec4]
V  [jvm.dll+0x801881]
V  [jvm.dll+0x368f81]
V  [jvm.dll+0x7e0cdc]
V  [jvm.dll+0x3eb8bf]
V  [jvm.dll+0x3ed441]
C  [jli.dll+0x5277]
C  [ucrtbase.dll+0x21bb2]
C  [KERNEL32.DLL+0x17034]
C  [ntdll.dll+0x52651]


---------------  P R O C E S S  ---------------

Threads class SMR info:
_java_thread_list=0x00007ffb6c045e98, length=0, elements={
}

Java Threads: ( => current thread )

Other Threads:
  0x0000023096c58c00 GCTaskThread "GC Thread#0" [stack: 0x000000d966c00000,0x000000d966d00000] [id=25864]
  0x0000023096c69f60 ConcurrentGCThread "G1 Main Marker" [stack: 0x000000d966d00000,0x000000d966e00000] [id=23476]
  0x0000023096c6d530 ConcurrentGCThread "G1 Conc#0" [stack: 0x000000d966e00000,0x000000d966f00000] [id=15568]

[error occurred during error reporting (printing all threads), id 0xc0000005, EXCEPTION_ACCESS_VIOLATION (0xc0000005) at pc=0x00007ffb6b81b9d7]

VM state: not at safepoint (not fully initialized)

VM Mutex/Monitor currently owned by a thread:  ([mutex/lock_event])
[0x0000023096c14e40] Heap_lock - owner thread: 0x0000023096c1abc0

Heap address: 0x0000000081c00000, size: 2020 MB, Compressed Oops mode: 32-bit

CDS archive(s) mapped at: [0x0000000000000000-0x0000000000000000-0x0000000000000000), size 0, SharedBaseAddress: 0x0000000800000000, ArchiveRelocationMode: 0.
Narrow klass base: 0x0000000000000000, Narrow klass shift: 0, Narrow klass range: 0x0

GC Precious Log:
<Empty>

Heap:
 garbage-first heap   total 0K, used 0K [0x0000000081c00000, 0x0000000100000000)
  region size 1024K, 0 young (0K), 0 survivors (0K)

[error occurred during error reporting (printing heap information), id 0xc0000005, EXCEPTION_ACCESS_VIOLATION (0xc0000005) at pc=0x00007ffb6bbfe899]

GC Heap History (0 events):
No events

Deoptimization events (0 events):
No events

Classes unloaded (0 events):
No events

Classes redefined (0 events):
No events

Internal exceptions (0 events):
No events

VM Operations (0 events):
No events

Events (1 events):
Event: 0.008 Loaded shared library C:\Program Files\Eclipse Adoptium\jdk-17.0.2.8-hotspot\bin\java.dll


Dynamic libraries:
0x00007ff7f2800000 - 0x00007ff7f280e000 	C:\Program Files\Eclipse Adoptium\jdk-17.0.2.8-hotspot\bin\javaw.exe
0x00007ffbe0df0000 - 0x00007ffbe0fe8000 	C:\Windows\SYSTEM32\ntdll.dll
0x00007ffbdf800000 - 0x00007ffbdf8bd000 	C:\Windows\System32\KERNEL32.DLL
0x00007ffbde780000 - 0x00007ffbdea4e000 	C:\Windows\System32\KERNELBASE.dll
0x00007ffbdecc0000 - 0x00007ffbdedc0000 	C:\Windows\System32\ucrtbase.dll
0x00007ffbaf600000 - 0x00007ffbaf618000 	C:\Program Files\Eclipse Adoptium\jdk-17.0.2.8-hotspot\bin\jli.dll
0x00007ffbdf8e0000 - 0x00007ffbdfa80000 	C:\Windows\System32\USER32.dll
0x00007ffbde6e0000 - 0x00007ffbde702000 	C:\Windows\System32\win32u.dll
0x00007ffbdefd0000 - 0x00007ffbdeffa000 	C:\Windows\System32\GDI32.dll
0x00007ffbdebb0000 - 0x00007ffbdecbb000 	C:\Windows\System32\gdi32full.dll
0x00007ffbde510000 - 0x00007ffbde5ad000 	C:\Windows\System32\msvcp_win.dll
0x00007ffbc5390000 - 0x00007ffbc562a000 	C:\Windows\WinSxS\amd64_microsoft.windows.common-controls_6595b64144ccf1df_6.0.19041.1110_none_60b5254171f9507e\COMCTL32.dll
0x00007ffbdf760000 - 0x00007ffbdf7fe000 	C:\Windows\System32\msvcrt.dll
0x00007ffbace20000 - 0x00007ffbace39000 	C:\Program Files\Eclipse Adoptium\jdk-17.0.2.8-hotspot\bin\VCRUNTIME140.dll
0x00007ffbdfd70000 - 0x00007ffbdfda0000 	C:\Windows\System32\IMM32.DLL
0x00007ffbcefe0000 - 0x00007ffbcefec000 	C:\Program Files\Eclipse Adoptium\jdk-17.0.2.8-hotspot\bin\vcruntime140_1.dll
0x00007ffb9ccb0000 - 0x00007ffb9cd41000 	C:\Program Files\Eclipse Adoptium\jdk-17.0.2.8-hotspot\bin\msvcp140.dll
0x00007ffb6b530000 - 0x00007ffb6c177000 	C:\Program Files\Eclipse Adoptium\jdk-17.0.2.8-hotspot\bin\server\jvm.dll
0x00007ffbdfda0000 - 0x00007ffbdfe4e000 	C:\Windows\System32\ADVAPI32.dll
0x00007ffbe09e0000 - 0x00007ffbe0a7c000 	C:\Windows\System32\sechost.dll
0x00007ffbe03d0000 - 0x00007ffbe04f5000 	C:\Windows\System32\RPCRT4.dll
0x00007ffbdf750000 - 0x00007ffbdf758000 	C:\Windows\System32\PSAPI.DLL
0x00007ffbc8460000 - 0x00007ffbc8469000 	C:\Windows\SYSTEM32\WSOCK32.dll
0x00007ffbe0a80000 - 0x00007ffbe0aeb000 	C:\Windows\System32\WS2_32.dll
0x00007ffbc3940000 - 0x00007ffbc3967000 	C:\Windows\SYSTEM32\WINMM.dll
0x00007ffbd6d60000 - 0x00007ffbd6d6a000 	C:\Windows\SYSTEM32\VERSION.dll
0x00007ffbdcdf0000 - 0x00007ffbdce02000 	C:\Windows\SYSTEM32\kernel.appcore.dll
0x00007ffbcf5e0000 - 0x00007ffbcf5ea000 	C:\Program Files\Eclipse Adoptium\jdk-17.0.2.8-hotspot\bin\jimage.dll
0x00007ffbdc2c0000 - 0x00007ffbdc4a4000 	C:\Windows\SYSTEM32\DBGHELP.DLL
0x00007ffbc5ed0000 - 0x00007ffbc5efc000 	C:\Windows\SYSTEM32\dbgcore.DLL
0x00007ffbdedc0000 - 0x00007ffbdee42000 	C:\Windows\System32\bcryptPrimitives.dll
0x00007ffb9e720000 - 0x00007ffb9e745000 	C:\Program Files\Eclipse Adoptium\jdk-17.0.2.8-hotspot\bin\java.dll

dbghelp: loaded successfully - version: 4.0.5 - missing functions: none
symbol engine: initialized successfully - sym options: 0x614 - pdb path: .;C:\Program Files\Eclipse Adoptium\jdk-17.0.2.8-hotspot\bin;C:\Windows\SYSTEM32;C:\Windows\WinSxS\amd64_microsoft.windows.common-controls_6595b64144ccf1df_6.0.19041.1110_none_60b5254171f9507e;C:\Program Files\Eclipse Adoptium\jdk-17.0.2.8-hotspot\bin\server

VM Arguments:
jvm_args: -Dfile.encoding=Cp1252 --module-path=C:\Users\ASUS\eclipse-workspace\TP\bin;C:\Program Files (x86)\MySQL\Connector J 8.0\mysql-connector-java-8.0.30.jar -XX:+ShowCodeDetailsInExceptionMessages -Djdk.module.main=TP 
java_command: TP/tp.app.App
java_class_path (initial): <not set>
Launcher Type: SUN_STANDARD

[Global flags]
     intx CICompilerCount                          = 3                                         {product} {ergonomic}
     uint ConcGCThreads                            = 1                                         {product} {ergonomic}
     uint G1ConcRefinementThreads                  = 4                                         {product} {ergonomic}
   size_t G1HeapRegionSize                         = 1048576                                   {product} {ergonomic}
    uintx GCDrainStackTargetSize                   = 64                                        {product} {ergonomic}
   size_t InitialHeapSize                          = 134217728                                 {product} {ergonomic}
   size_t MarkStackSize                            = 4194304                                   {product} {ergonomic}
   size_t MaxHeapSize                              = 2118123520                                {product} {ergonomic}
   size_t MinHeapDeltaBytes                        = 1048576                                   {product} {ergonomic}
   size_t MinHeapSize                              = 8388608                                   {product} {ergonomic}
    uintx NonNMethodCodeHeapSize                   = 5832780                                {pd product} {ergonomic}
    uintx NonProfiledCodeHeapSize                  = 122912730                              {pd product} {ergonomic}
    uintx ProfiledCodeHeapSize                     = 122912730                              {pd product} {ergonomic}
    uintx ReservedCodeCacheSize                    = 251658240                              {pd product} {ergonomic}
     bool SegmentedCodeCache                       = true                                      {product} {ergonomic}
     bool ShowCodeDetailsInExceptionMessages       = true                                   {manageable} {command line}
   size_t SoftMaxHeapSize                          = 2118123520                             {manageable} {ergonomic}
     bool UseCompressedClassPointers               = true                           {product lp64_product} {ergonomic}
     bool UseCompressedOops                        = true                           {product lp64_product} {ergonomic}
     bool UseG1GC                                  = true                                      {product} {ergonomic}
     bool UseLargePagesIndividualAllocation        = false                                  {pd product} {ergonomic}

Logging:
Log output configuration:
 #0: stdout all=warning uptime,level,tags
 #1: stderr all=off uptime,level,tags

Environment Variables:
JAVA_HOME=C:\Program Files\Eclipse Adoptium\jdk-17.0.2.8-hotspot\
PATH=C:/Program Files/Eclipse Adoptium/jdk-17.0.2.8-hotspot/bin/server;C:/Program Files/Eclipse Adoptium/jdk-17.0.2.8-hotspot/bin;C:\Program Files\MySQL\MySQL Shell 8.0\bin\;C:\Users\ASUS\AppData\Local\Microsoft\WindowsApps;C:\Users\ASUS\AppData\Local\Programs\Microsoft VS Code\bin;C:\Program Files\JetBrains\PhpStorm 2020.2.2\bin;;C:\Program Files\Eclipse Adoptium\jdk-17.0.2.8-hotspot\bin;C:\Users\ASUS\AppData\Roaming\Composer\vendor\bin;;C:\Users\ASUS\Documents\Documentos universitarios\3er Nivel\Diseño e Implementación de Estructuras de Datos;
USERNAME=ASUS
OS=Windows_NT
PROCESSOR_IDENTIFIER=Intel64 Family 6 Model 142 Stepping 9, GenuineIntel



---------------  S Y S T E M  ---------------

OS:
 Windows 10 , 64 bit Build 19041 (10.0.19041.1806)
OS uptime: 10 days 0:06 hours

CPU: total 4 (initial active 4) (2 cores per cpu, 2 threads per core) family 6 model 142 stepping 9 microcode 0xb4, cx8, cmov, fxsr, ht, mmx, 3dnowpref, sse, sse2, sse3, ssse3, sse4.1, sse4.2, popcnt, lzcnt, tsc, tscinvbit, avx, avx2, aes, erms, clmul, bmi1, bmi2, adx, fma, vzeroupper, clflush, clflushopt

Memory: 4k page, system-wide physical 8073M (1216M free)
TotalPageFile size 32603M (AvailPageFile size 68M)
current process WorkingSet (physical memory assigned to process): 10M, peak: 10M
current process commit charge ("private bytes"): 51M, peak: 179M

vm_info: OpenJDK 64-Bit Server VM (17.0.2+8) for windows-amd64 JRE (17.0.2+8), built on Jan 20 2022 04:52:34 by "" with MS VC++ 16.7 (VS2019)

END.
